#
# There is insufficient memory for the Java Runtime Environment to continue.
# Native memory allocation (malloc) failed to allocate 1219456 bytes for Chunk::new
# Possible reasons:
#   The system is out of physical RAM or swap space
#   In 32 bit mode, the process size limit was hit
# Possible solutions:
#   Reduce memory load on the system
#   Increase physical memory or swap space
#   Check if swap backing store is full
#   Use 64 bit Java on a 64 bit OS
#   Decrease Java heap size (-Xmx/-Xms)
#   Decrease number of Java threads
#   Decrease Java thread stack sizes (-Xss)
#   Set larger code cache with -XX:ReservedCodeCacheSize=
# This output file may be truncated or incomplete.
#
#  Out of Memory Error (allocation.cpp:390), pid=9844, tid=0x00000000000033b0
#
# JRE version: Java(TM) SE Runtime Environment (8.0_131-b11) (build 1.8.0_131-b11)
# Java VM: Java HotSpot(TM) 64-Bit Server VM (25.131-b11 mixed mode windows-amd64 compressed oops)
# Failed to write core dump. Minidumps are not enabled by default on client versions of Windows
#

---------------  T H R E A D  ---------------

Current thread (0x000000001916a000):  JavaThread "C2 CompilerThread0" daemon [_thread_in_native, id=13232, stack(0x0000000019830000,0x0000000019930000)]

Stack: [0x0000000019830000,0x0000000019930000]
[error occurred during error reporting (printing stack bounds), id 0xc0000005]

Native frames: (J=compiled Java code, j=interpreted, Vv=VM code, C=native code)


Current CompileTask:
C2:  10176 5033       4       lombok.javac.JavacAST::buildStatementOrExpression (103 bytes)


---------------  P R O C E S S  ---------------

Java Threads: ( => current thread )
  0x000000001921e000 JavaThread "Service Thread" daemon [_thread_blocked, id=23224, stack(0x0000000019b30000,0x0000000019c30000)]
  0x000000001916e800 JavaThread "C1 CompilerThread2" daemon [_thread_blocked, id=8780, stack(0x0000000019a30000,0x0000000019b30000)]
  0x000000001916d000 JavaThread "C2 CompilerThread1" daemon [_thread_in_native, id=21984, stack(0x0000000019930000,0x0000000019a30000)]
=>0x000000001916a000 JavaThread "C2 CompilerThread0" daemon [_thread_in_native, id=13232, stack(0x0000000019830000,0x0000000019930000)]
  0x000000001915e800 JavaThread "Monitor Ctrl-Break" daemon [_thread_in_native, id=22144, stack(0x0000000019730000,0x0000000019830000)]
  0x0000000017de0800 JavaThread "Attach Listener" daemon [_thread_blocked, id=7268, stack(0x0000000019630000,0x0000000019730000)]
  0x0000000017ddf800 JavaThread "Signal Dispatcher" daemon [_thread_blocked, id=20660, stack(0x0000000019530000,0x0000000019630000)]
  0x0000000017dba000 JavaThread "Finalizer" daemon [_thread_blocked, id=22368, stack(0x0000000019030000,0x0000000019130000)]
  0x0000000003440800 JavaThread "Reference Handler" daemon [_thread_blocked, id=14932, stack(0x0000000018f30000,0x0000000019030000)]
  0x0000000003352800 JavaThread "main" [_thread_in_native, id=18672, stack(0x0000000002db0000,0x0000000002eb0000)]

Other Threads:
  0x0000000017d96800 VMThread [stack: 0x0000000018e30000,0x0000000018f30000] [id=11632]
  0x0000000019236800 WatcherThread [stack: 0x0000000019c30000,0x0000000019d30000] [id=16356]

VM state:not at safepoint (normal execution)

VM Mutex/Monitor currently owned by a thread: None

Heap:
 PSYoungGen      total 270848K, used 156638K [0x00000000d6d80000, 0x00000000e9380000, 0x0000000100000000)
  eden space 244224K, 64% used [0x00000000d6d80000,0x00000000e0677a30,0x00000000e5c00000)
  from space 26624K, 0% used [0x00000000e5c00000,0x00000000e5c00000,0x00000000e7600000)
  to   space 23040K, 0% used [0x00000000e7600000,0x00000000e7600000,0x00000000e8c80000)
 ParOldGen       total 84992K, used 44304K [0x0000000084800000, 0x0000000089b00000, 0x00000000d6d80000)
  object space 84992K, 52% used [0x0000000084800000,0x0000000087344108,0x0000000089b00000)
 Metaspace       used 24959K, capacity 25684K, committed 25984K, reserved 1073152K
  class space    used 2891K, capacity 3073K, committed 3200K, reserved 1048576K

Card table byte_map: [0x0000000012810000,0x0000000012bf0000] byte_map_base: 0x00000000123ec000

Marking Bits: (ParMarkBitMap*) 0x000000005c67c720
 Begin Bits: [0x0000000013290000, 0x0000000015170000)
 End Bits:   [0x0000000015170000, 0x0000000017050000)

Polling page: 0x0000000001520000

CodeCache: size=245760Kb used=16731Kb max_used=16731Kb free=229028Kb
 bounds [0x0000000003450000, 0x00000000044c0000, 0x0000000012450000]
 total_blobs=4908 nmethods=4488 adapters=332
 compilation: enabled

Compilation events (10 events):
Event: 10.153 Thread 0x000000001916e800 5183       2       lombok.permit.Permit::setAccessible (27 bytes)
Event: 10.153 Thread 0x000000001916e800 nmethod 5183 0x00000000044b6d90 code [0x00000000044b6ee0, 0x00000000044b7030]
Event: 10.155 Thread 0x000000001916e800 5184   !   2       sun.reflect.GeneratedMethodAccessor17::invoke (61 bytes)
Event: 10.155 Thread 0x000000001916e800 nmethod 5184 0x00000000044b70d0 code [0x00000000044b7280, 0x00000000044b7708]
Event: 10.160 Thread 0x000000001916e800 5185       2       lombok.javac.HandlerLibrary$VisitorContainer::getPriority (5 bytes)
Event: 10.160 Thread 0x000000001916e800 nmethod 5185 0x00000000044b7a90 code [0x00000000044b7be0, 0x00000000044b7d30]
Event: 10.160 Thread 0x000000001916e800 5186       1       lombok.core.AST::isChanged (5 bytes)
Event: 10.161 Thread 0x000000001916e800 nmethod 5186 0x00000000044b7dd0 code [0x00000000044b7f20, 0x00000000044b8030]
Event: 10.171 Thread 0x000000001916e800 5187       2       lombok.javac.JavacTransformer$AnnotationVisitor::visitAnnotationOnMethod (34 bytes)
Event: 10.172 Thread 0x000000001916e800 nmethod 5187 0x00000000044b8090 code [0x00000000044b8200, 0x00000000044b8408]

GC Heap History (10 events):
Event: 4.604 GC heap before
{Heap before GC invocations=6 (full 0):
 PSYoungGen      total 68608K, used 68584K [0x00000000d6d80000, 0x00000000e0080000, 0x0000000100000000)
  eden space 63488K, 100% used [0x00000000d6d80000,0x00000000dab80000,0x00000000dab80000)
  from space 5120K, 99% used [0x00000000dab80000,0x00000000db07a020,0x00000000db080000)
  to   space 11776K, 0% used [0x00000000df500000,0x00000000df500000,0x00000000e0080000)
 ParOldGen       total 84992K, used 12288K [0x0000000084800000, 0x0000000089b00000, 0x00000000d6d80000)
  object space 84992K, 14% used [0x0000000084800000,0x00000000854002a0,0x0000000089b00000)
 Metaspace       used 15928K, capacity 16306K, committed 16640K, reserved 1064960K
  class space    used 1894K, capacity 1980K, committed 2048K, reserved 1048576K
Event: 4.622 GC heap after
Heap after GC invocations=6 (full 0):
 PSYoungGen      total 135680K, used 11768K [0x00000000d6d80000, 0x00000000e0680000, 0x0000000100000000)
  eden space 123904K, 0% used [0x00000000d6d80000,0x00000000d6d80000,0x00000000de680000)
  from space 11776K, 99% used [0x00000000df500000,0x00000000e007e050,0x00000000e0080000)
  to   space 14848K, 0% used [0x00000000de680000,0x00000000de680000,0x00000000df500000)
 ParOldGen       total 84992K, used 14590K [0x0000000084800000, 0x0000000089b00000, 0x00000000d6d80000)
  object space 84992K, 17% used [0x0000000084800000,0x000000008563f950,0x0000000089b00000)
 Metaspace       used 15928K, capacity 16306K, committed 16640K, reserved 1064960K
  class space    used 1894K, capacity 1980K, committed 2048K, reserved 1048576K
}
Event: 5.448 GC heap before
{Heap before GC invocations=7 (full 0):
 PSYoungGen      total 135680K, used 135672K [0x00000000d6d80000, 0x00000000e0680000, 0x0000000100000000)
  eden space 123904K, 100% used [0x00000000d6d80000,0x00000000de680000,0x00000000de680000)
  from space 11776K, 99% used [0x00000000df500000,0x00000000e007e050,0x00000000e0080000)
  to   space 14848K, 0% used [0x00000000de680000,0x00000000de680000,0x00000000df500000)
 ParOldGen       total 84992K, used 14590K [0x0000000084800000, 0x0000000089b00000, 0x00000000d6d80000)
  object space 84992K, 17% used [0x0000000084800000,0x000000008563f950,0x0000000089b00000)
 Metaspace       used 16667K, capacity 17020K, committed 17152K, reserved 1064960K
  class space    used 1932K, capacity 2019K, committed 2048K, reserved 1048576K
Event: 5.479 GC heap after
Heap after GC invocations=7 (full 0):
 PSYoungGen      total 138752K, used 14816K [0x00000000d6d80000, 0x00000000e8c80000, 0x0000000100000000)
  eden space 123904K, 0% used [0x00000000d6d80000,0x00000000d6d80000,0x00000000de680000)
  from space 14848K, 99% used [0x00000000de680000,0x00000000df4f8020,0x00000000df500000)
  to   space 23040K, 0% used [0x00000000e7600000,0x00000000e7600000,0x00000000e8c80000)
 ParOldGen       total 84992K, used 26261K [0x0000000084800000, 0x0000000089b00000, 0x00000000d6d80000)
  object space 84992K, 30% used [0x0000000084800000,0x00000000861a5440,0x0000000089b00000)
 Metaspace       used 16667K, capacity 17020K, committed 17152K, reserved 1064960K
  class space    used 1932K, capacity 2019K, committed 2048K, reserved 1048576K
}
Event: 6.962 GC heap before
{Heap before GC invocations=8 (full 0):
 PSYoungGen      total 138752K, used 138720K [0x00000000d6d80000, 0x00000000e8c80000, 0x0000000100000000)
  eden space 123904K, 100% used [0x00000000d6d80000,0x00000000de680000,0x00000000de680000)
  from space 14848K, 99% used [0x00000000de680000,0x00000000df4f8020,0x00000000df500000)
  to   space 23040K, 0% used [0x00000000e7600000,0x00000000e7600000,0x00000000e8c80000)
 ParOldGen       total 84992K, used 26261K [0x0000000084800000, 0x0000000089b00000, 0x00000000d6d80000)
  object space 84992K, 30% used [0x0000000084800000,0x00000000861a5440,0x0000000089b00000)
 Metaspace       used 17986K, capacity 18490K, committed 18688K, reserved 1064960K
  class space    used 2062K, capacity 2188K, committed 2304K, reserved 1048576K
Event: 6.984 GC heap after
Heap after GC invocations=8 (full 0):
 PSYoungGen      total 267264K, used 22505K [0x00000000d6d80000, 0x00000000e9380000, 0x0000000100000000)
  eden space 244224K, 0% used [0x00000000d6d80000,0x00000000d6d80000,0x00000000e5c00000)
  from space 23040K, 97% used [0x00000000e7600000,0x00000000e8bfa5c0,0x00000000e8c80000)
  to   space 26624K, 0% used [0x00000000e5c00000,0x00000000e5c00000,0x00000000e7600000)
 ParOldGen       total 84992K, used 28599K [0x0000000084800000, 0x0000000089b00000, 0x00000000d6d80000)
  object space 84992K, 33% used [0x0000000084800000,0x00000000863edc70,0x0000000089b00000)
 Metaspace       used 17986K, capacity 18490K, committed 18688K, reserved 1064960K
  class space    used 2062K, capacity 2188K, committed 2304K, reserved 1048576K
}
Event: 7.495 GC heap before
{Heap before GC invocations=9 (full 0):
 PSYoungGen      total 267264K, used 56750K [0x00000000d6d80000, 0x00000000e9380000, 0x0000000100000000)
  eden space 244224K, 14% used [0x00000000d6d80000,0x00000000d8ef1590,0x00000000e5c00000)
  from space 23040K, 97% used [0x00000000e7600000,0x00000000e8bfa5c0,0x00000000e8c80000)
  to   space 26624K, 0% used [0x00000000e5c00000,0x00000000e5c00000,0x00000000e7600000)
 ParOldGen       total 84992K, used 28599K [0x0000000084800000, 0x0000000089b00000, 0x00000000d6d80000)
  object space 84992K, 33% used [0x0000000084800000,0x00000000863edc70,0x0000000089b00000)
 Metaspace       used 20690K, capacity 21152K, committed 21248K, reserved 1069056K
  class space    used 2401K, capacity 2525K, committed 2560K, reserved 1048576K
Event: 7.514 GC heap after
Heap after GC invocations=9 (full 0):
 PSYoungGen      total 270848K, used 18381K [0x00000000d6d80000, 0x00000000e9380000, 0x0000000100000000)
  eden space 244224K, 0% used [0x00000000d6d80000,0x00000000d6d80000,0x00000000e5c00000)
  from space 26624K, 69% used [0x00000000e5c00000,0x00000000e6df3660,0x00000000e7600000)
  to   space 23040K, 0% used [0x00000000e7600000,0x00000000e7600000,0x00000000e8c80000)
 ParOldGen       total 84992K, used 33548K [0x0000000084800000, 0x0000000089b00000, 0x00000000d6d80000)
  object space 84992K, 39% used [0x0000000084800000,0x00000000868c3330,0x0000000089b00000)
 Metaspace       used 20690K, capacity 21152K, committed 21248K, reserved 1069056K
  class space    used 2401K, capacity 2525K, committed 2560K, reserved 1048576K
}
Event: 7.514 GC heap before
{Heap before GC invocations=10 (full 1):
 PSYoungGen      total 270848K, used 18381K [0x00000000d6d80000, 0x00000000e9380000, 0x0000000100000000)
  eden space 244224K, 0% used [0x00000000d6d80000,0x00000000d6d80000,0x00000000e5c00000)
  from space 26624K, 69% used [0x00000000e5c00000,0x00000000e6df3660,0x00000000e7600000)
  to   space 23040K, 0% used [0x00000000e7600000,0x00000000e7600000,0x00000000e8c80000)
 ParOldGen       total 84992K, used 33548K [0x0000000084800000, 0x0000000089b00000, 0x00000000d6d80000)
  object space 84992K, 39% used [0x0000000084800000,0x00000000868c3330,0x0000000089b00000)
 Metaspace       used 20690K, capacity 21152K, committed 21248K, reserved 1069056K
  class space    used 2401K, capacity 2525K, committed 2560K, reserved 1048576K
Event: 7.711 GC heap after
Heap after GC invocations=10 (full 1):
 PSYoungGen      total 270848K, used 0K [0x00000000d6d80000, 0x00000000e9380000, 0x0000000100000000)
  eden space 244224K, 0% used [0x00000000d6d80000,0x00000000d6d80000,0x00000000e5c00000)
  from space 26624K, 0% used [0x00000000e5c00000,0x00000000e5c00000,0x00000000e7600000)
  to   space 23040K, 0% used [0x00000000e7600000,0x00000000e7600000,0x00000000e8c80000)
 ParOldGen       total 84992K, used 44304K [0x0000000084800000, 0x0000000089b00000, 0x00000000d6d80000)
  object space 84992K, 52% used [0x0000000084800000,0x0000000087344108,0x0000000089b00000)
 Metaspace       used 20690K, capacity 21152K, committed 21248K, reserved 1069056K
  class space    used 2401K, capacity 2525K, committed 2560K, reserved 1048576K
}

Deoptimization events (10 events):
Event: 8.925 Thread 0x0000000003352800 Uncommon trap: reason=bimorphic action=maybe_recompile pc=0x00000000038e0790 method=java.lang.ClassLoader.loadClass(Ljava/lang/String;Z)Ljava/lang/Class; @ 38
Event: 9.465 Thread 0x0000000003352800 Uncommon trap: reason=unstable_if action=reinterpret pc=0x0000000004378cac method=java.util.zip.ZipInputStream.readLOC()Ljava/util/zip/ZipEntry; @ 29
Event: 9.484 Thread 0x0000000003352800 Uncommon trap: reason=unstable_if action=reinterpret pc=0x00000000043756dc method=java.util.zip.ZipInputStream.readLOC()Ljava/util/zip/ZipEntry; @ 264
Event: 9.642 Thread 0x0000000003352800 Uncommon trap: reason=unstable_if action=reinterpret pc=0x0000000003b19f94 method=java.util.HashMap.hash(Ljava/lang/Object;)I @ 1
Event: 9.646 Thread 0x0000000003352800 Uncommon trap: reason=unstable_if action=reinterpret pc=0x0000000003b68260 method=java.util.HashMap.hash(Ljava/lang/Object;)I @ 1
Event: 9.667 Thread 0x0000000003352800 Uncommon trap: reason=unstable_if action=reinterpret pc=0x0000000003da9868 method=java.util.regex.Pattern$Begin.match(Ljava/util/regex/Matcher;ILjava/lang/CharSequence;)Z @ 33
Event: 9.741 Thread 0x0000000003352800 Uncommon trap: reason=bimorphic action=maybe_recompile pc=0x0000000003bfb2ec method=java.util.regex.Pattern$5.isSatisfiedBy(I)Z @ 5
Event: 9.741 Thread 0x0000000003352800 Uncommon trap: reason=bimorphic action=maybe_recompile pc=0x0000000003bfb2d8 method=java.util.regex.Pattern$5.isSatisfiedBy(I)Z @ 5
Event: 9.741 Thread 0x0000000003352800 Uncommon trap: reason=bimorphic action=maybe_recompile pc=0x0000000003bfb2d8 method=java.util.regex.Pattern$5.isSatisfiedBy(I)Z @ 5
Event: 9.741 Thread 0x0000000003352800 Uncommon trap: reason=bimorphic action=maybe_recompile pc=0x0000000003bfb2d8 method=java.util.regex.Pattern$5.isSatisfiedBy(I)Z @ 5

Internal exceptions (10 events):
Event: 4.840 Thread 0x0000000003352800 Implicit null exception at 0x0000000003835a15 to 0x0000000003835bed
Event: 4.840 Thread 0x0000000003352800 Implicit null exception at 0x000000000380646f to 0x00000000038064d9
Event: 4.852 Thread 0x0000000003352800 Implicit null exception at 0x0000000003e6f9f7 to 0x0000000003e6fc41
Event: 6.599 Thread 0x0000000003352800 Implicit null exception at 0x0000000003bb0abd to 0x0000000003bb0ef1
Event: 6.600 Thread 0x0000000003352800 Implicit null exception at 0x0000000003da6453 to 0x0000000003da6a21
Event: 7.396 Thread 0x0000000003352800 Exception <a 'java/lang/ClassNotFoundException': com/sun/tools/javac/api/JavacTool> (0x00000000d82d3e68) thrown at [C:\re\workspace\8-2-build-windows-amd64-cygwin\jdk8u131\8869\hotspot\src\share\vm\classfile\systemDictionary.cpp, line 210]
Event: 8.503 Thread 0x0000000003352800 Exception <a 'java/io/FileNotFoundException'> (0x00000000d8b6c2d0) thrown at [C:\re\workspace\8-2-build-windows-amd64-cygwin\jdk8u131\8869\hotspot\src\share\vm\prims\jni.cpp, line 709]
Event: 8.505 Thread 0x0000000003352800 Exception <a 'java/io/FileNotFoundException'> (0x00000000d8ba0a50) thrown at [C:\re\workspace\8-2-build-windows-amd64-cygwin\jdk8u131\8869\hotspot\src\share\vm\prims\jni.cpp, line 709]
Event: 9.642 Thread 0x0000000003352800 Implicit null exception at 0x0000000003b1996e to 0x0000000003b19f7d
Event: 9.646 Thread 0x0000000003352800 Implicit null exception at 0x0000000003b67f36 to 0x0000000003b68245

Events (10 events):
Event: 10.125 Thread 0x0000000003352800 DEOPT PACKING pc=0x0000000003fa13b0 sp=0x0000000002eac600
Event: 10.125 Thread 0x0000000003352800 DEOPT UNPACKING pc=0x000000000349787f sp=0x0000000002eac450 mode 0
Event: 10.132 Thread 0x0000000003352800 DEOPT PACKING pc=0x0000000003fa13b0 sp=0x0000000002eac630
Event: 10.132 Thread 0x0000000003352800 DEOPT UNPACKING pc=0x000000000349787f sp=0x0000000002eac480 mode 0
Event: 10.139 Thread 0x0000000003352800 DEOPT PACKING pc=0x0000000003fa13b0 sp=0x0000000002eac350
Event: 10.139 Thread 0x0000000003352800 DEOPT UNPACKING pc=0x000000000349787f sp=0x0000000002eac1a0 mode 0
Event: 10.148 Thread 0x0000000003352800 DEOPT PACKING pc=0x0000000003fa13b0 sp=0x0000000002eac3c0
Event: 10.148 Thread 0x0000000003352800 DEOPT UNPACKING pc=0x000000000349787f sp=0x0000000002eac210 mode 0
Event: 10.164 Thread 0x0000000003352800 DEOPT PACKING pc=0x0000000003fa13b0 sp=0x0000000002eacf00
Event: 10.164 Thread 0x0000000003352800 DEOPT UNPACKING pc=0x000000000349787f sp=0x0000000002eacd50 mode 0


Dynamic libraries:
0x00007ff7c3770000 - 0x00007ff7c37a7000 	F:\jdk1.8\bin\java.exe
0x00007ffbe4380000 - 0x00007ffbe4570000 	C:\WINDOWS\SYSTEM32\ntdll.dll
0x00007ffbe2f80000 - 0x00007ffbe3032000 	C:\WINDOWS\System32\KERNEL32.DLL
0x00007ffbe1390000 - 0x00007ffbe1634000 	C:\WINDOWS\System32\KERNELBASE.dll
0x00007ffbe4290000 - 0x00007ffbe4333000 	C:\WINDOWS\System32\ADVAPI32.dll
0x00007ffbe3fe0000 - 0x00007ffbe407e000 	C:\WINDOWS\System32\msvcrt.dll
0x00007ffbe2c40000 - 0x00007ffbe2cd7000 	C:\WINDOWS\System32\sechost.dll
0x00007ffbe2a00000 - 0x00007ffbe2b20000 	C:\WINDOWS\System32\RPCRT4.dll
0x00007ffbe40f0000 - 0x00007ffbe4284000 	C:\WINDOWS\System32\USER32.dll
0x00007ffbe1310000 - 0x00007ffbe1331000 	C:\WINDOWS\System32\win32u.dll
0x00007ffbe2c10000 - 0x00007ffbe2c36000 	C:\WINDOWS\System32\GDI32.dll
0x00007ffbe1640000 - 0x00007ffbe17d4000 	C:\WINDOWS\System32\gdi32full.dll
0x00007ffbe21b0000 - 0x00007ffbe224e000 	C:\WINDOWS\System32\msvcp_win.dll
0x00007ffbe2330000 - 0x00007ffbe242a000 	C:\WINDOWS\System32\ucrtbase.dll
0x00007ffbd1fd0000 - 0x00007ffbd2254000 	C:\WINDOWS\WinSxS\amd64_microsoft.windows.common-controls_6595b64144ccf1df_6.0.18362.836_none_e6c4b943130f18ed\COMCTL32.dll
0x00007ffbe2430000 - 0x00007ffbe2766000 	C:\WINDOWS\System32\combase.dll
0x00007ffbe2250000 - 0x00007ffbe22d0000 	C:\WINDOWS\System32\bcryptPrimitives.dll
0x00007ffbe3290000 - 0x00007ffbe32be000 	C:\WINDOWS\System32\IMM32.DLL
0x000000005c700000 - 0x000000005c7d2000 	F:\jdk1.8\jre\bin\msvcr100.dll
0x000000005be60000 - 0x000000005c6fc000 	F:\jdk1.8\jre\bin\server\jvm.dll
0x00007ffbe2ef0000 - 0x00007ffbe2ef8000 	C:\WINDOWS\System32\PSAPI.DLL
0x00007ffbdf010000 - 0x00007ffbdf034000 	C:\WINDOWS\SYSTEM32\WINMM.dll
0x00007ffbda110000 - 0x00007ffbda11a000 	C:\WINDOWS\SYSTEM32\VERSION.dll
0x00007ffbdefe0000 - 0x00007ffbdf00d000 	C:\WINDOWS\SYSTEM32\winmmbase.dll
0x00007ffbe1340000 - 0x00007ffbe138a000 	C:\WINDOWS\System32\cfgmgr32.dll
0x00007ffbdc020000 - 0x00007ffbdc029000 	C:\WINDOWS\SYSTEM32\WSOCK32.dll
0x00007ffbe4080000 - 0x00007ffbe40ef000 	C:\WINDOWS\System32\WS2_32.dll
0x000000005be50000 - 0x000000005be5f000 	F:\jdk1.8\jre\bin\verify.dll
0x000000005be20000 - 0x000000005be49000 	F:\jdk1.8\jre\bin\java.dll
0x000000005bdf0000 - 0x000000005be13000 	F:\jdk1.8\jre\bin\instrument.dll
0x000000005bdd0000 - 0x000000005bde6000 	F:\jdk1.8\jre\bin\zip.dll
0x00007ffbe32c0000 - 0x00007ffbe39a4000 	C:\WINDOWS\System32\SHELL32.dll
0x00007ffbe2770000 - 0x00007ffbe2819000 	C:\WINDOWS\System32\shcore.dll
0x00007ffbe17e0000 - 0x00007ffbe1f5e000 	C:\WINDOWS\System32\windows.storage.dll
0x00007ffbe1250000 - 0x00007ffbe1273000 	C:\WINDOWS\System32\profapi.dll
0x00007ffbe1280000 - 0x00007ffbe12ca000 	C:\WINDOWS\System32\powrprof.dll
0x00007ffbe1240000 - 0x00007ffbe1250000 	C:\WINDOWS\System32\UMPDC.dll
0x00007ffbe2820000 - 0x00007ffbe2872000 	C:\WINDOWS\System32\shlwapi.dll
0x00007ffbe12d0000 - 0x00007ffbe12e1000 	C:\WINDOWS\System32\kernel.appcore.dll
0x00007ffbe2190000 - 0x00007ffbe21a7000 	C:\WINDOWS\System32\cryptsp.dll
0x00007ffbda0b0000 - 0x00007ffbda0ca000 	F:\idea\IntelliJ IDEA 2019.2.2\bin\breakgen64.dll
0x000000005bdb0000 - 0x000000005bdca000 	F:\jdk1.8\jre\bin\net.dll
0x00007ffbe0a20000 - 0x00007ffbe0a87000 	C:\WINDOWS\system32\mswsock.dll
0x00007ffbe0590000 - 0x00007ffbe05c3000 	C:\WINDOWS\system32\rsaenh.dll
0x00007ffbe1f60000 - 0x00007ffbe1f86000 	C:\WINDOWS\System32\bcrypt.dll
0x00007ffbe1130000 - 0x00007ffbe1155000 	C:\WINDOWS\SYSTEM32\USERENV.dll
0x00007ffbe0bf0000 - 0x00007ffbe0bfc000 	C:\WINDOWS\SYSTEM32\CRYPTBASE.dll
0x00007ffbe0730000 - 0x00007ffbe076a000 	C:\WINDOWS\SYSTEM32\IPHLPAPI.DLL
0x00007ffbe3220000 - 0x00007ffbe3228000 	C:\WINDOWS\System32\NSI.dll
0x00007ffbda160000 - 0x00007ffbda176000 	C:\WINDOWS\SYSTEM32\dhcpcsvc6.DLL
0x00007ffbda140000 - 0x00007ffbda15c000 	C:\WINDOWS\SYSTEM32\dhcpcsvc.DLL
0x00007ffbe0770000 - 0x00007ffbe083b000 	C:\WINDOWS\SYSTEM32\DNSAPI.dll
0x000000005bd80000 - 0x000000005bd91000 	F:\jdk1.8\jre\bin\nio.dll
0x00007ffbdbe70000 - 0x00007ffbdbe7a000 	C:\Users\1737783319\AppData\Local\Temp\jansi-1.17.1-2342491965132406036.dll
0x00007ffbd1c40000 - 0x00007ffbd1c4a000 	C:\Users\1737783319\AppData\Local\Temp\jansi-1.17.1-1831992221074888453.dll

VM Arguments:
jvm_args: -Dmaven.multiModuleProjectDirectory=E:\360MoveData\Users\1737783319\Desktop\Lab\gowhere64 -Dmaven.wagon.http.ssl.insecure=true -Dmaven.wagon.http.ssl.allowall=true -Dmaven.wagon.http.ssl.ignore.validity.dates=true -Dmaven.home=F:\idea\IntelliJ IDEA 2019.2.2\plugins\maven\lib\maven3 -Dclassworlds.conf=F:\idea\IntelliJ IDEA 2019.2.2\plugins\maven\lib\maven3\bin\m2.conf -Dmaven.ext.class.path=F:\idea\IntelliJ IDEA 2019.2.2\plugins\maven\lib\maven-event-listener.jar -javaagent:F:\idea\IntelliJ IDEA 2019.2.2\lib\idea_rt.jar=60981:F:\idea\IntelliJ IDEA 2019.2.2\bin -Dfile.encoding=UTF-8 
java_command: org.codehaus.classworlds.Launcher -Didea.version2019.2.2 -s F:\idea\IntelliJ IDEA 2019.2.2\plugins\maven\lib\maven3\conf\settings.xml -Dmaven.repo.local=F:\mavenRespository compile
java_class_path (initial): F:\idea\IntelliJ IDEA 2019.2.2\plugins\maven\lib\maven3\boot\plexus-classworlds-2.6.0.jar;F:\idea\IntelliJ IDEA 2019.2.2\lib\idea_rt.jar
Launcher Type: SUN_STANDARD

Environment Variables:
JAVA_HOME=F:\jdk1.8
PATH=F:\PYTHON3.7\Scripts\;F:\PYTHON3.7\;F:\mingGw\bin;C:\Program Files\Microsoft MPI\Bin\;F:\jdk1.8\bin;F:\maven\apache-maven-3.6.3\bin;C:\WINDOWS\system32;C:\WINDOWS;C:\WINDOWS\System32\Wbem;C:\WINDOWS\System32\WindowsPowerShell\v1.0\;C:\WINDOWS\System32\OpenSSH\;C:\Program Files\dotnet\;C:\Program Files\Microsoft SQL Server\130\Tools\Binn\;F:\CodeBlocks\MinGW\bin;F:\gIT\Git\cmd;F:\tor\bin;C:\Program Files (x86)\Microsoft SQL Server\140\Tools\Binn\;C:\Program Files\Microsoft SQL Server\140\Tools\Binn\;C:\Program Files (x86)\Microsoft SQL Server\140\DTS\Binn\;C:\Program Files\Microsoft SQL Server\140\DTS\Binn\;C:\Program Files\Microsoft SQL Server\Client SDK\ODBC\130\Tools\Binn\;F:\matlab\runtime\win64;F:\matlab\bin;C:\Program Files (x86)\Microsoft SQL Server\150\DTS\Binn\;F:\Cmake\bin;F:\nodejs\node_modules;F:\node\;C:\Users\1737783319\AppData\Roaming\npm;F:\scala2_13\scala\bin;F:\python2;G:\vagrant\bin;C:\Program Files\MySQL\MySQL Shell 8.0\bin\;F:\GUN\Microsoft VS Code\bin;F:\clion\CLion 2019.2.4\bin;;C:\Users\1737783319\AppData\Roaming\npm
USERNAME=1737783319
OS=Windows_NT
PROCESSOR_IDENTIFIER=Intel64 Family 6 Model 158 Stepping 9, GenuineIntel



---------------  S Y S T E M  ---------------

OS: Windows 10.0 , 64 bit Build 18362 (10.0.18362.778)

CPU:total 4 (initial active 4) (4 cores per cpu, 1 threads per core) family 6 model 158 stepping 9, cmov, cx8, fxsr, mmx, sse, sse2, sse3, ssse3, sse4.1, sse4.2, popcnt, avx, avx2, aes, clmul, erms, 3dnowpref, lzcnt, tsc, tscinvbit, bmi1, bmi2, adx

Memory: 4k page, physical 8088216k(1001488k free), swap 15689748k(6120k free)

vm_info: Java HotSpot(TM) 64-Bit Server VM (25.131-b11) for windows-amd64 JRE (1.8.0_131-b11), built on Mar 15 2017 01:23:53 by "java_re" with MS VC++ 10.0 (VS2010)

time: Wed Jun 10 16:48:17 2020
elapsed time: 10 seconds (0d 0h 0m 10s)

