#
# There is insufficient memory for the Java Runtime Environment to continue.
# Native memory allocation (malloc) failed to allocate 65552 bytes for Chunk::new
# Possible reasons:
#   The system is out of physical RAM or swap space
#   In 32 bit mode, the process size limit was hit
# Possible solutions:
#   Reduce memory load on the system
#   Increase physical memory or swap space
#   Check if swap backing store is full
#   Use 64 bit Java on a 64 bit OS
#   Decrease Java heap size (-Xmx/-Xms)
#   Decrease number of Java threads
#   Decrease Java thread stack sizes (-Xss)
#   Set larger code cache with -XX:ReservedCodeCacheSize=
# This output file may be truncated or incomplete.
#
#  Out of Memory Error (allocation.cpp:390), pid=22492, tid=0x0000000000003cd0
#
# JRE version: Java(TM) SE Runtime Environment (8.0_131-b11) (build 1.8.0_131-b11)
# Java VM: Java HotSpot(TM) 64-Bit Server VM (25.131-b11 mixed mode windows-amd64 compressed oops)
# Failed to write core dump. Minidumps are not enabled by default on client versions of Windows
#

---------------  T H R E A D  ---------------

Current thread (0x000000001771e800):  JavaThread "C2 CompilerThread0" daemon [_thread_in_native, id=15568, stack(0x0000000019060000,0x0000000019160000)]

Stack: [0x0000000019060000,0x0000000019160000]
[error occurred during error reporting (printing stack bounds), id 0xc0000005]

Native frames: (J=compiled Java code, j=interpreted, Vv=VM code, C=native code)


Current CompileTask:
C2:  10147 5071       4       org.codehaus.plexus.util.xml.Xpp3Dom::mergeIntoXpp3Dom (460 bytes)


---------------  P R O C E S S  ---------------

Java Threads: ( => current thread )
  0x000000001cf09800 JavaThread "Thread-5" [_thread_in_native, id=1092, stack(0x000000001e810000,0x000000001e910000)]
  0x000000001cf0c800 JavaThread "Thread-4" [_thread_in_native, id=18848, stack(0x000000001e710000,0x000000001e810000)]
  0x000000001cf0b000 JavaThread "Thread-3" [_thread_blocked, id=21912, stack(0x000000001e610000,0x000000001e710000)]
  0x000000001cf0b800 JavaThread "ThreadedStreamConsumer" daemon [_thread_blocked, id=21140, stack(0x000000001e510000,0x000000001e610000)]
  0x000000001cf0e000 JavaThread "ping-timer-10s" daemon [_thread_blocked, id=8428, stack(0x000000001e410000,0x000000001e510000)]
  0x000000001b595000 JavaThread "timeout-check-timer" daemon [_thread_blocked, id=22436, stack(0x000000001e310000,0x000000001e410000)]
  0x000000001bbad800 JavaThread "resolver-5" daemon [_thread_blocked, id=23452, stack(0x000000001e210000,0x000000001e310000)]
  0x000000001bd39000 JavaThread "resolver-4" daemon [_thread_blocked, id=23308, stack(0x000000001e110000,0x000000001e210000)]
  0x000000001b60b000 JavaThread "resolver-3" daemon [_thread_blocked, id=21148, stack(0x000000001e010000,0x000000001e110000)]
  0x000000001a4e0800 JavaThread "resolver-2" daemon [_thread_blocked, id=19524, stack(0x000000001df10000,0x000000001e010000)]
  0x000000001bf54000 JavaThread "resolver-1" daemon [_thread_blocked, id=19320, stack(0x000000001de10000,0x000000001df10000)]
  0x0000000018aea800 JavaThread "Service Thread" daemon [_thread_blocked, id=9056, stack(0x0000000019360000,0x0000000019460000)]
  0x0000000018a70000 JavaThread "C1 CompilerThread2" daemon [_thread_blocked, id=23092, stack(0x0000000019260000,0x0000000019360000)]
  0x0000000018a69000 JavaThread "C2 CompilerThread1" daemon [_thread_in_native, id=16152, stack(0x0000000019160000,0x0000000019260000)]
=>0x000000001771e800 JavaThread "C2 CompilerThread0" daemon [_thread_in_native, id=15568, stack(0x0000000019060000,0x0000000019160000)]
  0x000000001771d800 JavaThread "Attach Listener" daemon [_thread_blocked, id=23228, stack(0x0000000018f60000,0x0000000019060000)]
  0x000000001776e800 JavaThread "Signal Dispatcher" daemon [_thread_blocked, id=9756, stack(0x0000000018e60000,0x0000000018f60000)]
  0x00000000176fa800 JavaThread "Finalizer" daemon [_thread_blocked, id=21792, stack(0x0000000018960000,0x0000000018a60000)]
  0x0000000002d82000 JavaThread "Reference Handler" daemon [_thread_blocked, id=1696, stack(0x0000000018860000,0x0000000018960000)]
  0x0000000002b8e000 JavaThread "main" [_thread_in_native, id=16316, stack(0x0000000002b90000,0x0000000002c90000)]

Other Threads:
  0x00000000176d8000 VMThread [stack: 0x0000000018760000,0x0000000018860000] [id=2804]
  0x0000000018b0e000 WatcherThread [stack: 0x0000000019460000,0x0000000019560000] [id=19916]

VM state:not at safepoint (normal execution)

VM Mutex/Monitor currently owned by a thread: None

Heap:
 PSYoungGen      total 265728K, used 216459K [0x00000000d6d80000, 0x00000000e8780000, 0x0000000100000000)
  eden space 247296K, 87% used [0x00000000d6d80000,0x00000000e40e2dc0,0x00000000e5f00000)
  from space 18432K, 0% used [0x00000000e7280000,0x00000000e7280000,0x00000000e8480000)
  to   space 19968K, 0% used [0x00000000e5f00000,0x00000000e5f00000,0x00000000e7280000)
 ParOldGen       total 87552K, used 30685K [0x0000000084800000, 0x0000000089d80000, 0x00000000d6d80000)
  object space 87552K, 35% used [0x0000000084800000,0x00000000865f7550,0x0000000089d80000)
 Metaspace       used 27163K, capacity 27980K, committed 28288K, reserved 1075200K
  class space    used 3148K, capacity 3388K, committed 3456K, reserved 1048576K

Card table byte_map: [0x0000000012150000,0x0000000012530000] byte_map_base: 0x0000000011d2c000

Marking Bits: (ParMarkBitMap*) 0x000000005c67c720
 Begin Bits: [0x0000000012bd0000, 0x0000000014ab0000)
 End Bits:   [0x0000000014ab0000, 0x0000000016990000)

Polling page: 0x0000000000f20000

CodeCache: size=245760Kb used=16133Kb max_used=16271Kb free=229626Kb
 bounds [0x0000000002d90000, 0x0000000003d90000, 0x0000000011d90000]
 total_blobs=4884 nmethods=4430 adapters=366
 compilation: enabled

Compilation events (10 events):
Event: 9.715 Thread 0x0000000018a70000 5141       2       java.util.Collections$UnmodifiableMap$UnmodifiableEntrySet$UnmodifiableEntry::getKey (10 bytes)
Event: 9.715 Thread 0x0000000018a70000 nmethod 5141 0x0000000002eebd10 code [0x0000000002eebe80, 0x0000000002eec008]
Event: 9.715 Thread 0x0000000018a70000 5142       2       java.util.Collections$UnmodifiableMap$UnmodifiableEntrySet$UnmodifiableEntry::getValue (10 bytes)
Event: 9.716 Thread 0x0000000018a70000 nmethod 5142 0x00000000030126d0 code [0x0000000003012840, 0x00000000030129c8]
Event: 9.716 Thread 0x0000000018a70000 5143       2       java.lang.ProcessEnvironment$CheckedEntry::getKey (5 bytes)
Event: 9.716 Thread 0x0000000018a70000 nmethod 5143 0x00000000033ace50 code [0x00000000033acfc0, 0x00000000033ad168]
Event: 9.716 Thread 0x0000000018a70000 5145       2       java.lang.ProcessEnvironment$NameComparator::compare (90 bytes)
Event: 9.717 Thread 0x0000000018a70000 nmethod 5145 0x0000000003723190 code [0x0000000003723360, 0x0000000003723858]
Event: 9.717 Thread 0x0000000018a70000 5144       2       java.lang.ProcessEnvironment$CheckedEntry::getKey (13 bytes)
Event: 9.717 Thread 0x0000000018a70000 nmethod 5144 0x00000000032c4e10 code [0x00000000032c4f80, 0x00000000032c5128]

GC Heap History (10 events):
Event: 3.814 GC heap before
{Heap before GC invocations=5 (full 0):
 PSYoungGen      total 68608K, used 68584K [0x00000000d6d80000, 0x00000000db580000, 0x0000000100000000)
  eden space 63488K, 100% used [0x00000000d6d80000,0x00000000dab80000,0x00000000dab80000)
  from space 5120K, 99% used [0x00000000db080000,0x00000000db57a020,0x00000000db580000)
  to   space 5120K, 0% used [0x00000000dab80000,0x00000000dab80000,0x00000000db080000)
 ParOldGen       total 84992K, used 6702K [0x0000000084800000, 0x0000000089b00000, 0x00000000d6d80000)
  object space 84992K, 7% used [0x0000000084800000,0x0000000084e8b868,0x0000000089b00000)
 Metaspace       used 15821K, capacity 16172K, committed 16384K, reserved 1062912K
  class space    used 1874K, capacity 1979K, committed 2048K, reserved 1048576K
Event: 3.825 GC heap after
Heap after GC invocations=5 (full 0):
 PSYoungGen      total 68608K, used 5096K [0x00000000d6d80000, 0x00000000dfe80000, 0x0000000100000000)
  eden space 63488K, 0% used [0x00000000d6d80000,0x00000000d6d80000,0x00000000dab80000)
  from space 5120K, 99% used [0x00000000dab80000,0x00000000db07a040,0x00000000db080000)
  to   space 10752K, 0% used [0x00000000df400000,0x00000000df400000,0x00000000dfe80000)
 ParOldGen       total 84992K, used 11840K [0x0000000084800000, 0x0000000089b00000, 0x00000000d6d80000)
  object space 84992K, 13% used [0x0000000084800000,0x0000000085390380,0x0000000089b00000)
 Metaspace       used 15821K, capacity 16172K, committed 16384K, reserved 1062912K
  class space    used 1874K, capacity 1979K, committed 2048K, reserved 1048576K
}
Event: 4.311 GC heap before
{Heap before GC invocations=6 (full 0):
 PSYoungGen      total 68608K, used 68584K [0x00000000d6d80000, 0x00000000dfe80000, 0x0000000100000000)
  eden space 63488K, 100% used [0x00000000d6d80000,0x00000000dab80000,0x00000000dab80000)
  from space 5120K, 99% used [0x00000000dab80000,0x00000000db07a040,0x00000000db080000)
  to   space 10752K, 0% used [0x00000000df400000,0x00000000df400000,0x00000000dfe80000)
 ParOldGen       total 84992K, used 11840K [0x0000000084800000, 0x0000000089b00000, 0x00000000d6d80000)
  object space 84992K, 13% used [0x0000000084800000,0x0000000085390380,0x0000000089b00000)
 Metaspace       used 16184K, capacity 16540K, committed 16896K, reserved 1064960K
  class space    used 1899K, capacity 1987K, committed 2048K, reserved 1048576K
Event: 4.328 GC heap after
Heap after GC invocations=6 (full 0):
 PSYoungGen      total 135168K, used 10744K [0x00000000d6d80000, 0x00000000e0380000, 0x0000000100000000)
  eden space 124416K, 0% used [0x00000000d6d80000,0x00000000d6d80000,0x00000000de700000)
  from space 10752K, 99% used [0x00000000df400000,0x00000000dfe7e050,0x00000000dfe80000)
  to   space 13312K, 0% used [0x00000000de700000,0x00000000de700000,0x00000000df400000)
 ParOldGen       total 84992K, used 13849K [0x0000000084800000, 0x0000000089b00000, 0x00000000d6d80000)
  object space 84992K, 16% used [0x0000000084800000,0x0000000085586660,0x0000000089b00000)
 Metaspace       used 16184K, capacity 16540K, committed 16896K, reserved 1064960K
  class space    used 1899K, capacity 1987K, committed 2048K, reserved 1048576K
}
Event: 5.601 GC heap before
{Heap before GC invocations=7 (full 0):
 PSYoungGen      total 135168K, used 135160K [0x00000000d6d80000, 0x00000000e0380000, 0x0000000100000000)
  eden space 124416K, 100% used [0x00000000d6d80000,0x00000000de700000,0x00000000de700000)
  from space 10752K, 99% used [0x00000000df400000,0x00000000dfe7e050,0x00000000dfe80000)
  to   space 13312K, 0% used [0x00000000de700000,0x00000000de700000,0x00000000df400000)
 ParOldGen       total 84992K, used 13849K [0x0000000084800000, 0x0000000089b00000, 0x00000000d6d80000)
  object space 84992K, 16% used [0x0000000084800000,0x0000000085586660,0x0000000089b00000)
 Metaspace       used 16735K, capacity 17084K, committed 17408K, reserved 1064960K
  class space    used 1917K, capacity 2019K, committed 2048K, reserved 1048576K
Event: 5.623 GC heap after
Heap after GC invocations=7 (full 0):
 PSYoungGen      total 137728K, used 13296K [0x00000000d6d80000, 0x00000000e8480000, 0x0000000100000000)
  eden space 124416K, 0% used [0x00000000d6d80000,0x00000000d6d80000,0x00000000de700000)
  from space 13312K, 99% used [0x00000000de700000,0x00000000df3fc010,0x00000000df400000)
  to   space 18432K, 0% used [0x00000000e7280000,0x00000000e7280000,0x00000000e8480000)
 ParOldGen       total 84992K, used 20740K [0x0000000084800000, 0x0000000089b00000, 0x00000000d6d80000)
  object space 84992K, 24% used [0x0000000084800000,0x0000000085c41008,0x0000000089b00000)
 Metaspace       used 16735K, capacity 17084K, committed 17408K, reserved 1064960K
  class space    used 1917K, capacity 2019K, committed 2048K, reserved 1048576K
}
Event: 6.617 GC heap before
{Heap before GC invocations=8 (full 0):
 PSYoungGen      total 137728K, used 77928K [0x00000000d6d80000, 0x00000000e8480000, 0x0000000100000000)
  eden space 124416K, 51% used [0x00000000d6d80000,0x00000000dac9e370,0x00000000de700000)
  from space 13312K, 99% used [0x00000000de700000,0x00000000df3fc010,0x00000000df400000)
  to   space 18432K, 0% used [0x00000000e7280000,0x00000000e7280000,0x00000000e8480000)
 ParOldGen       total 84992K, used 20740K [0x0000000084800000, 0x0000000089b00000, 0x00000000d6d80000)
  object space 84992K, 24% used [0x0000000084800000,0x0000000085c41008,0x0000000089b00000)
 Metaspace       used 20646K, capacity 21188K, committed 21248K, reserved 1069056K
  class space    used 2420K, capacity 2557K, committed 2560K, reserved 1048576K
Event: 6.640 GC heap after
Heap after GC invocations=8 (full 0):
 PSYoungGen      total 265728K, used 15109K [0x00000000d6d80000, 0x00000000e8780000, 0x0000000100000000)
  eden space 247296K, 0% used [0x00000000d6d80000,0x00000000d6d80000,0x00000000e5f00000)
  from space 18432K, 81% used [0x00000000e7280000,0x00000000e8141558,0x00000000e8480000)
  to   space 19968K, 0% used [0x00000000e5f00000,0x00000000e5f00000,0x00000000e7280000)
 ParOldGen       total 84992K, used 22414K [0x0000000084800000, 0x0000000089b00000, 0x00000000d6d80000)
  object space 84992K, 26% used [0x0000000084800000,0x0000000085de3838,0x0000000089b00000)
 Metaspace       used 20646K, capacity 21188K, committed 21248K, reserved 1069056K
  class space    used 2420K, capacity 2557K, committed 2560K, reserved 1048576K
}
Event: 6.640 GC heap before
{Heap before GC invocations=9 (full 1):
 PSYoungGen      total 265728K, used 15109K [0x00000000d6d80000, 0x00000000e8780000, 0x0000000100000000)
  eden space 247296K, 0% used [0x00000000d6d80000,0x00000000d6d80000,0x00000000e5f00000)
  from space 18432K, 81% used [0x00000000e7280000,0x00000000e8141558,0x00000000e8480000)
  to   space 19968K, 0% used [0x00000000e5f00000,0x00000000e5f00000,0x00000000e7280000)
 ParOldGen       total 84992K, used 22414K [0x0000000084800000, 0x0000000089b00000, 0x00000000d6d80000)
  object space 84992K, 26% used [0x0000000084800000,0x0000000085de3838,0x0000000089b00000)
 Metaspace       used 20646K, capacity 21188K, committed 21248K, reserved 1069056K
  class space    used 2420K, capacity 2557K, committed 2560K, reserved 1048576K
Event: 6.816 GC heap after
Heap after GC invocations=9 (full 1):
 PSYoungGen      total 265728K, used 0K [0x00000000d6d80000, 0x00000000e8780000, 0x0000000100000000)
  eden space 247296K, 0% used [0x00000000d6d80000,0x00000000d6d80000,0x00000000e5f00000)
  from space 18432K, 0% used [0x00000000e7280000,0x00000000e7280000,0x00000000e8480000)
  to   space 19968K, 0% used [0x00000000e5f00000,0x00000000e5f00000,0x00000000e7280000)
 ParOldGen       total 87552K, used 30685K [0x0000000084800000, 0x0000000089d80000, 0x00000000d6d80000)
  object space 87552K, 35% used [0x0000000084800000,0x00000000865f7550,0x0000000089d80000)
 Metaspace       used 20646K, capacity 21188K, committed 21248K, reserved 1069056K
  class space    used 2420K, capacity 2557K, committed 2560K, reserved 1048576K
}

Deoptimization events (10 events):
Event: 9.715 Thread 0x0000000002b8e000 Uncommon trap: reason=class_check action=maybe_recompile pc=0x000000000366f980 method=java.util.Collections$UnmodifiableMap$UnmodifiableEntrySet$UnmodifiableEntry.getKey()Ljava/lang/Object; @ 4
Event: 9.715 Thread 0x0000000002b8e000 Uncommon trap: reason=class_check action=maybe_recompile pc=0x000000000366c240 method=java.util.Collections$UnmodifiableMap$UnmodifiableEntrySet$UnmodifiableEntry.getValue()Ljava/lang/Object; @ 4
Event: 9.715 Thread 0x0000000002b8e000 Uncommon trap: reason=class_check action=maybe_recompile pc=0x000000000365474c method=java.util.Collections$UnmodifiableMap$UnmodifiableEntrySet$1.hasNext()Z @ 4
Event: 9.715 Thread 0x0000000002b8e000 Uncommon trap: reason=class_check action=maybe_recompile pc=0x00000000037202ac method=java.util.Collections$UnmodifiableMap$UnmodifiableEntrySet$1.next()Ljava/util/Map$Entry; @ 8
Event: 9.715 Thread 0x0000000002b8e000 Uncommon trap: reason=class_check action=maybe_recompile pc=0x000000000366f980 method=java.util.Collections$UnmodifiableMap$UnmodifiableEntrySet$UnmodifiableEntry.getKey()Ljava/lang/Object; @ 4
Event: 9.715 Thread 0x0000000002b8e000 Uncommon trap: reason=class_check action=maybe_recompile pc=0x000000000366c240 method=java.util.Collections$UnmodifiableMap$UnmodifiableEntrySet$UnmodifiableEntry.getValue()Ljava/lang/Object; @ 4
Event: 9.715 Thread 0x0000000002b8e000 Uncommon trap: reason=class_check action=maybe_recompile pc=0x000000000365474c method=java.util.Collections$UnmodifiableMap$UnmodifiableEntrySet$1.hasNext()Z @ 4
Event: 9.715 Thread 0x0000000002b8e000 Uncommon trap: reason=class_check action=maybe_recompile pc=0x00000000037202ac method=java.util.Collections$UnmodifiableMap$UnmodifiableEntrySet$1.next()Ljava/util/Map$Entry; @ 8
Event: 9.715 Thread 0x0000000002b8e000 Uncommon trap: reason=class_check action=maybe_recompile pc=0x000000000366f980 method=java.util.Collections$UnmodifiableMap$UnmodifiableEntrySet$UnmodifiableEntry.getKey()Ljava/lang/Object; @ 4
Event: 9.715 Thread 0x0000000002b8e000 Uncommon trap: reason=class_check action=maybe_recompile pc=0x000000000366c240 method=java.util.Collections$UnmodifiableMap$UnmodifiableEntrySet$UnmodifiableEntry.getValue()Ljava/lang/Object; @ 4

Internal exceptions (10 events):
Event: 8.109 Thread 0x0000000002b8e000 Implicit null exception at 0x000000000356a501 to 0x000000000356ad01
Event: 8.284 Thread 0x0000000002b8e000 Implicit null exception at 0x00000000034bc531 to 0x00000000034bc945
Event: 8.289 Thread 0x0000000002b8e000 Implicit null exception at 0x0000000003499415 to 0x0000000003499619
Event: 8.555 Thread 0x0000000002b8e000 Exception <a 'java/io/FileNotFoundException'> (0x00000000dd3ea9c0) thrown at [C:\re\workspace\8-2-build-windows-amd64-cygwin\jdk8u131\8869\hotspot\src\share\vm\prims\jni.cpp, line 709]
Event: 8.583 Thread 0x0000000002b8e000 Exception <a 'java/lang/NoSuchFieldError': method resolution failed> (0x00000000dd4efc78) thrown at [C:\re\workspace\8-2-build-windows-amd64-cygwin\jdk8u131\8869\hotspot\src\share\vm\prims\methodHandles.cpp, line 1146]
Event: 8.584 Thread 0x0000000002b8e000 Exception <a 'java/lang/NoSuchFieldError': method resolution failed> (0x00000000dd4fd338) thrown at [C:\re\workspace\8-2-build-windows-amd64-cygwin\jdk8u131\8869\hotspot\src\share\vm\prims\methodHandles.cpp, line 1146]
Event: 8.779 Thread 0x0000000002b8e000 Implicit null exception at 0x00000000034ce131 to 0x00000000034cedd1
Event: 8.974 Thread 0x0000000002b8e000 Exception <a 'java/io/FileNotFoundException'> (0x00000000de8b22f0) thrown at [C:\re\workspace\8-2-build-windows-amd64-cygwin\jdk8u131\8869\hotspot\src\share\vm\prims\jni.cpp, line 709]
Event: 9.392 Thread 0x0000000002b8e000 Exception <a 'java/lang/NoSuchMethodError': org.apache.maven.execution.MavenExecutionRequest.getFailureBehavior()Ljava/lang/String;> (0x00000000e034ca08) thrown at [C:\re\workspace\8-2-build-windows-amd64-cygwin\jdk8u131\8869\hotspot\src\share\vm\interpre
Event: 9.432 Thread 0x000000001bf54000 Implicit null exception at 0x0000000003663e80 to 0x000000000366456d

Events (10 events):
Event: 9.722 Thread 0x000000001cf0c800 Thread added: 0x000000001cf0c800
Event: 9.722 Thread 0x000000001cf09800 Thread added: 0x000000001cf09800
Event: 9.722 loading class org/apache/maven/surefire/shade/org/apache/maven/shared/utils/cli/CommandLineUtils$1
Event: 9.722 loading class org/apache/maven/surefire/shade/org/apache/maven/shared/utils/cli/CommandLineUtils$1 done
Event: 9.722 loading class org/apache/maven/surefire/shade/org/apache/maven/shared/utils/cli/CommandLineUtils$1
Event: 9.722 loading class org/apache/maven/surefire/shade/org/apache/maven/shared/utils/cli/CommandLineUtils$1 done
Event: 9.723 loading class org/apache/maven/surefire/shade/org/apache/maven/shared/utils/cli/CommandLineTimeOutException
Event: 9.723 loading class org/apache/maven/surefire/shade/org/apache/maven/shared/utils/cli/CommandLineTimeOutException done
Event: 9.723 loading class org/apache/maven/surefire/shade/org/apache/maven/shared/utils/cli/CommandLineTimeOutException
Event: 9.723 loading class org/apache/maven/surefire/shade/org/apache/maven/shared/utils/cli/CommandLineTimeOutException done


Dynamic libraries:
0x00007ff7c3770000 - 0x00007ff7c37a7000 	F:\jdk1.8\bin\java.exe
0x00007ffbe4380000 - 0x00007ffbe4570000 	C:\WINDOWS\SYSTEM32\ntdll.dll
0x00007ffbe2f80000 - 0x00007ffbe3032000 	C:\WINDOWS\System32\KERNEL32.DLL
0x00007ffbe1390000 - 0x00007ffbe1634000 	C:\WINDOWS\System32\KERNELBASE.dll
0x00007ffbe4290000 - 0x00007ffbe4333000 	C:\WINDOWS\System32\ADVAPI32.dll
0x00007ffbe3fe0000 - 0x00007ffbe407e000 	C:\WINDOWS\System32\msvcrt.dll
0x00007ffbe2c40000 - 0x00007ffbe2cd7000 	C:\WINDOWS\System32\sechost.dll
0x00007ffbe2a00000 - 0x00007ffbe2b20000 	C:\WINDOWS\System32\RPCRT4.dll
0x00007ffbe40f0000 - 0x00007ffbe4284000 	C:\WINDOWS\System32\USER32.dll
0x00007ffbe1310000 - 0x00007ffbe1331000 	C:\WINDOWS\System32\win32u.dll
0x00007ffbe2c10000 - 0x00007ffbe2c36000 	C:\WINDOWS\System32\GDI32.dll
0x00007ffbe1640000 - 0x00007ffbe17d4000 	C:\WINDOWS\System32\gdi32full.dll
0x00007ffbe21b0000 - 0x00007ffbe224e000 	C:\WINDOWS\System32\msvcp_win.dll
0x00007ffbe2330000 - 0x00007ffbe242a000 	C:\WINDOWS\System32\ucrtbase.dll
0x00007ffbd1fd0000 - 0x00007ffbd2254000 	C:\WINDOWS\WinSxS\amd64_microsoft.windows.common-controls_6595b64144ccf1df_6.0.18362.836_none_e6c4b943130f18ed\COMCTL32.dll
0x00007ffbe2430000 - 0x00007ffbe2766000 	C:\WINDOWS\System32\combase.dll
0x00007ffbe2250000 - 0x00007ffbe22d0000 	C:\WINDOWS\System32\bcryptPrimitives.dll
0x00007ffbe3290000 - 0x00007ffbe32be000 	C:\WINDOWS\System32\IMM32.DLL
0x000000005c700000 - 0x000000005c7d2000 	F:\jdk1.8\jre\bin\msvcr100.dll
0x000000005be60000 - 0x000000005c6fc000 	F:\jdk1.8\jre\bin\server\jvm.dll
0x00007ffbe2ef0000 - 0x00007ffbe2ef8000 	C:\WINDOWS\System32\PSAPI.DLL
0x00007ffbdc020000 - 0x00007ffbdc029000 	C:\WINDOWS\SYSTEM32\WSOCK32.dll
0x00007ffbe4080000 - 0x00007ffbe40ef000 	C:\WINDOWS\System32\WS2_32.dll
0x00007ffbdf010000 - 0x00007ffbdf034000 	C:\WINDOWS\SYSTEM32\WINMM.dll
0x00007ffbdefe0000 - 0x00007ffbdf00d000 	C:\WINDOWS\SYSTEM32\WINMMBASE.dll
0x00007ffbe1340000 - 0x00007ffbe138a000 	C:\WINDOWS\System32\cfgmgr32.dll
0x00007ffbda110000 - 0x00007ffbda11a000 	C:\WINDOWS\SYSTEM32\VERSION.dll
0x000000005be50000 - 0x000000005be5f000 	F:\jdk1.8\jre\bin\verify.dll
0x000000005be20000 - 0x000000005be49000 	F:\jdk1.8\jre\bin\java.dll
0x000000005bdd0000 - 0x000000005bde6000 	F:\jdk1.8\jre\bin\zip.dll
0x00007ffbe32c0000 - 0x00007ffbe39a4000 	C:\WINDOWS\System32\SHELL32.dll
0x00007ffbe2770000 - 0x00007ffbe2819000 	C:\WINDOWS\System32\shcore.dll
0x00007ffbe17e0000 - 0x00007ffbe1f5e000 	C:\WINDOWS\System32\windows.storage.dll
0x00007ffbe1250000 - 0x00007ffbe1273000 	C:\WINDOWS\System32\profapi.dll
0x00007ffbe1280000 - 0x00007ffbe12ca000 	C:\WINDOWS\System32\powrprof.dll
0x00007ffbe1240000 - 0x00007ffbe1250000 	C:\WINDOWS\System32\UMPDC.dll
0x00007ffbe2820000 - 0x00007ffbe2872000 	C:\WINDOWS\System32\shlwapi.dll
0x00007ffbe12d0000 - 0x00007ffbe12e1000 	C:\WINDOWS\System32\kernel.appcore.dll
0x00007ffbe2190000 - 0x00007ffbe21a7000 	C:\WINDOWS\System32\cryptsp.dll
0x00007ffbe0590000 - 0x00007ffbe05c3000 	C:\WINDOWS\system32\rsaenh.dll
0x00007ffbe1f60000 - 0x00007ffbe1f86000 	C:\WINDOWS\System32\bcrypt.dll
0x00007ffbe1130000 - 0x00007ffbe1155000 	C:\WINDOWS\SYSTEM32\USERENV.dll
0x00007ffbe0bf0000 - 0x00007ffbe0bfc000 	C:\WINDOWS\SYSTEM32\CRYPTBASE.dll
0x000000005bdb0000 - 0x000000005bdca000 	F:\jdk1.8\jre\bin\net.dll
0x00007ffbe0a20000 - 0x00007ffbe0a87000 	C:\WINDOWS\system32\mswsock.dll
0x00007ffbe0730000 - 0x00007ffbe076a000 	C:\WINDOWS\SYSTEM32\IPHLPAPI.DLL
0x00007ffbe3220000 - 0x00007ffbe3228000 	C:\WINDOWS\System32\NSI.dll
0x00007ffbda160000 - 0x00007ffbda176000 	C:\WINDOWS\SYSTEM32\dhcpcsvc6.DLL
0x00007ffbda140000 - 0x00007ffbda15c000 	C:\WINDOWS\SYSTEM32\dhcpcsvc.DLL
0x00007ffbe0770000 - 0x00007ffbe083b000 	C:\WINDOWS\SYSTEM32\DNSAPI.dll
0x000000005bd80000 - 0x000000005bd91000 	F:\jdk1.8\jre\bin\nio.dll
0x00007ffbdbee0000 - 0x00007ffbdbeea000 	C:\Users\1737783319\AppData\Local\Temp\jansi-1.17.1-1988517963902270451.dll
0x00007ffbdbe70000 - 0x00007ffbdbe7a000 	C:\Users\1737783319\AppData\Local\Temp\jansi-1.17.1-2339943833332953693.dll
0x000000005bda0000 - 0x000000005bdad000 	F:\jdk1.8\jre\bin\management.dll
0x00007ffbbdef0000 - 0x00007ffbbdf06000 	C:\WINDOWS\system32\napinsp.dll
0x00007ffbb0c70000 - 0x00007ffbb0c8a000 	C:\WINDOWS\system32\pnrpnsp.dll
0x00007ffbdf040000 - 0x00007ffbdf04e000 	C:\WINDOWS\System32\winrnr.dll
0x00007ffbdd670000 - 0x00007ffbdd68c000 	C:\WINDOWS\system32\NLAapi.dll
0x00007ffbdca80000 - 0x00007ffbdca95000 	C:\WINDOWS\system32\wshbth.dll
0x00007ffbd79f0000 - 0x00007ffbd79fa000 	C:\Windows\System32\rasadhlp.dll
0x00007ffbd9420000 - 0x00007ffbd9497000 	C:\WINDOWS\System32\fwpuclnt.dll

VM Arguments:
jvm_args: -Dmaven.multiModuleProjectDirectory=E:\360MoveData\Users\1737783319\Desktop\Lab\gowhere64\gowhere-web-amazon -Dmaven.wagon.http.ssl.insecure=true -Dmaven.wagon.http.ssl.allowall=true -Dmaven.wagon.http.ssl.ignore.validity.dates=true -Dmaven.home=F:\idea\IntelliJ IDEA 2019.2.2\plugins\maven\lib\maven3 -Dclassworlds.conf=F:\idea\IntelliJ IDEA 2019.2.2\plugins\maven\lib\maven3\bin\m2.conf -Dmaven.ext.class.path=F:\idea\IntelliJ IDEA 2019.2.2\plugins\maven\lib\maven-event-listener.jar -Dfile.encoding=UTF-8 
java_command: org.codehaus.classworlds.Launcher -Didea.version2019.2.2 -s F:\idea\IntelliJ IDEA 2019.2.2\plugins\maven\lib\maven3\conf\settings.xml -Dmaven.repo.local=F:\mavenRespository install
java_class_path (initial): F:\idea\IntelliJ IDEA 2019.2.2\plugins\maven\lib\maven3\boot\plexus-classworlds-2.6.0.jar
Launcher Type: SUN_STANDARD

Environment Variables:
JAVA_HOME=F:\jdk1.8
PATH=F:\PYTHON3.7\Scripts\;F:\PYTHON3.7\;F:\mingGw\bin;C:\Program Files\Microsoft MPI\Bin\;F:\jdk1.8\bin;F:\maven\apache-maven-3.6.3\bin;C:\WINDOWS\system32;C:\WINDOWS;C:\WINDOWS\System32\Wbem;C:\WINDOWS\System32\WindowsPowerShell\v1.0\;C:\WINDOWS\System32\OpenSSH\;C:\Program Files\dotnet\;C:\Program Files\Microsoft SQL Server\130\Tools\Binn\;F:\CodeBlocks\MinGW\bin;F:\gIT\Git\cmd;F:\tor\bin;C:\Program Files (x86)\Microsoft SQL Server\140\Tools\Binn\;C:\Program Files\Microsoft SQL Server\140\Tools\Binn\;C:\Program Files (x86)\Microsoft SQL Server\140\DTS\Binn\;C:\Program Files\Microsoft SQL Server\140\DTS\Binn\;C:\Program Files\Microsoft SQL Server\Client SDK\ODBC\130\Tools\Binn\;F:\matlab\runtime\win64;F:\matlab\bin;C:\Program Files (x86)\Microsoft SQL Server\150\DTS\Binn\;F:\Cmake\bin;F:\nodejs\node_modules;F:\node\;C:\Users\1737783319\AppData\Roaming\npm;F:\scala2_13\scala\bin;F:\python2;G:\vagrant\bin;C:\Program Files\MySQL\MySQL Shell 8.0\bin\;F:\GUN\Microsoft VS Code\bin;F:\clion\CLion 2019.2.4\bin;;C:\Users\1737783319\AppData\Roaming\npm
USERNAME=1737783319
OS=Windows_NT
PROCESSOR_IDENTIFIER=Intel64 Family 6 Model 158 Stepping 9, GenuineIntel



---------------  S Y S T E M  ---------------

OS: Windows 10.0 , 64 bit Build 18362 (10.0.18362.778)

CPU:total 4 (initial active 4) (4 cores per cpu, 1 threads per core) family 6 model 158 stepping 9, cmov, cx8, fxsr, mmx, sse, sse2, sse3, ssse3, sse4.1, sse4.2, popcnt, avx, avx2, aes, clmul, erms, 3dnowpref, lzcnt, tsc, tscinvbit, bmi1, bmi2, adx

Memory: 4k page, physical 8088216k(838632k free), swap 15689748k(4096k free)

vm_info: Java HotSpot(TM) 64-Bit Server VM (25.131-b11) for windows-amd64 JRE (1.8.0_131-b11), built on Mar 15 2017 01:23:53 by "java_re" with MS VC++ 10.0 (VS2010)

time: Wed Jun 10 16:43:14 2020
elapsed time: 10 seconds (0d 0h 0m 10s)

