#
# There is insufficient memory for the Java Runtime Environment to continue.
# Native memory allocation (malloc) failed to allocate 32744 bytes for ChunkPool::allocate
# Possible reasons:
#   The system is out of physical RAM or swap space
#   In 32 bit mode, the process size limit was hit
# Possible solutions:
#   Reduce memory load on the system
#   Increase physical memory or swap space
#   Check if swap backing store is full
#   Use 64 bit Java on a 64 bit OS
#   Decrease Java heap size (-Xmx/-Xms)
#   Decrease number of Java threads
#   Decrease Java thread stack sizes (-Xss)
#   Set larger code cache with -XX:ReservedCodeCacheSize=
# This output file may be truncated or incomplete.
#
#  Out of Memory Error (allocation.cpp:273), pid=14152, tid=0x0000000000000678
#
# JRE version: Java(TM) SE Runtime Environment (8.0_131-b11) (build 1.8.0_131-b11)
# Java VM: Java HotSpot(TM) 64-Bit Server VM (25.131-b11 mixed mode windows-amd64 compressed oops)
# Failed to write core dump. Minidumps are not enabled by default on client versions of Windows
#

---------------  T H R E A D  ---------------

Current thread (0x0000000018779000):  JavaThread "C2 CompilerThread1" daemon [_thread_in_native, id=1656, stack(0x0000000018e70000,0x0000000018f70000)]

Stack: [0x0000000018e70000,0x0000000018f70000]
[error occurred during error reporting (printing stack bounds), id 0xc0000005]

Native frames: (J=compiled Java code, j=interpreted, Vv=VM code, C=native code)


Current CompileTask:
C2:   3042 1553       4       java.net.URLClassLoader$1::run (5 bytes)


---------------  P R O C E S S  ---------------

Java Threads: ( => current thread )
  0x00000000187ff000 JavaThread "Service Thread" daemon [_thread_blocked, id=23332, stack(0x0000000019070000,0x0000000019170000)]
  0x000000001877c000 JavaThread "C1 CompilerThread2" daemon [_thread_blocked, id=23360, stack(0x0000000018f70000,0x0000000019070000)]
=>0x0000000018779000 JavaThread "C2 CompilerThread1" daemon [_thread_in_native, id=1656, stack(0x0000000018e70000,0x0000000018f70000)]
  0x000000001746c800 JavaThread "C2 CompilerThread0" daemon [_thread_in_native, id=1316, stack(0x0000000018d70000,0x0000000018e70000)]
  0x000000001741f000 JavaThread "Attach Listener" daemon [_thread_blocked, id=16824, stack(0x0000000018c70000,0x0000000018d70000)]
  0x000000001741e000 JavaThread "Signal Dispatcher" daemon [_thread_blocked, id=22612, stack(0x0000000018b70000,0x0000000018c70000)]
  0x00000000173fa800 JavaThread "Finalizer" daemon [_thread_blocked, id=4152, stack(0x0000000018670000,0x0000000018770000)]
  0x00000000173d9000 JavaThread "Reference Handler" daemon [_thread_blocked, id=23044, stack(0x0000000018570000,0x0000000018670000)]
  0x000000000298e000 JavaThread "main" [_thread_in_vm, id=3196, stack(0x00000000027a0000,0x00000000028a0000)]

Other Threads:
  0x00000000173d7000 VMThread [stack: 0x0000000018470000,0x0000000018570000] [id=18048]
  0x0000000018837000 WatcherThread [stack: 0x0000000019170000,0x0000000019270000] [id=23544]

VM state:not at safepoint (normal execution)

VM Mutex/Monitor currently owned by a thread: None

Heap:
 PSYoungGen      total 36864K, used 33417K [0x00000000d6d80000, 0x00000000d9680000, 0x0000000100000000)
  eden space 31744K, 89% used [0x00000000d6d80000,0x00000000d8925bb8,0x00000000d8c80000)
  from space 5120K, 99% used [0x00000000d9180000,0x00000000d967ca48,0x00000000d9680000)
  to   space 5120K, 0% used [0x00000000d8c80000,0x00000000d8c80000,0x00000000d9180000)
 ParOldGen       total 84992K, used 1746K [0x0000000084800000, 0x0000000089b00000, 0x00000000d6d80000)
  object space 84992K, 2% used [0x0000000084800000,0x00000000849b4aa8,0x0000000089b00000)
 Metaspace       used 14838K, capacity 15076K, committed 15360K, reserved 1062912K
  class space    used 1831K, capacity 1941K, committed 2048K, reserved 1048576K

Card table byte_map: [0x0000000011e50000,0x0000000012230000] byte_map_base: 0x0000000011a2c000

Marking Bits: (ParMarkBitMap*) 0x000000005c67c720
 Begin Bits: [0x00000000128d0000, 0x00000000147b0000)
 End Bits:   [0x00000000147b0000, 0x0000000016690000)

Polling page: 0x0000000000a90000

CodeCache: size=245760Kb used=5752Kb max_used=5752Kb free=240007Kb
 bounds [0x0000000002a90000, 0x0000000003040000, 0x0000000011a90000]
 total_blobs=2033 nmethods=1670 adapters=275
 compilation: enabled

Compilation events (10 events):
Event: 3.037 Thread 0x000000001877c000 1679       1       org.apache.maven.model.Plugin::getVersion (5 bytes)
Event: 3.037 Thread 0x000000001877c000 nmethod 1679 0x0000000003030d10 code [0x0000000003030e60, 0x0000000003030f70]
Event: 3.037 Thread 0x000000001877c000 1670       3       java.util.LinkedHashMap::entrySet (27 bytes)
Event: 3.037 Thread 0x000000001877c000 nmethod 1670 0x0000000003030fd0 code [0x0000000003031160, 0x0000000003031510]
Event: 3.037 Thread 0x000000001877c000 1671       3       java.util.LinkedHashMap$LinkedEntrySet::iterator (12 bytes)
Event: 3.038 Thread 0x000000001877c000 nmethod 1671 0x00000000030316d0 code [0x0000000003031840, 0x0000000003031b50]
Event: 3.038 Thread 0x000000001877c000 1672       3       java.util.LinkedHashMap$LinkedEntryIterator::<init> (11 bytes)
Event: 3.038 Thread 0x000000001877c000 nmethod 1672 0x0000000003031cd0 code [0x0000000003031e40, 0x00000000030320b0]
Event: 3.038 Thread 0x000000001877c000 1680       3       org.apache.maven.model.merge.MavenModelMerger::getDependencyKey (5 bytes)
Event: 3.038 Thread 0x000000001877c000 nmethod 1680 0x00000000030321d0 code [0x0000000003032340, 0x00000000030324c8]

GC Heap History (4 events):
Event: 2.090 GC heap before
{Heap before GC invocations=1 (full 0):
 PSYoungGen      total 36864K, used 31744K [0x00000000d6d80000, 0x00000000d9680000, 0x0000000100000000)
  eden space 31744K, 100% used [0x00000000d6d80000,0x00000000d8c80000,0x00000000d8c80000)
  from space 5120K, 0% used [0x00000000d9180000,0x00000000d9180000,0x00000000d9680000)
  to   space 5120K, 0% used [0x00000000d8c80000,0x00000000d8c80000,0x00000000d9180000)
 ParOldGen       total 84992K, used 0K [0x0000000084800000, 0x0000000089b00000, 0x00000000d6d80000)
  object space 84992K, 0% used [0x0000000084800000,0x0000000084800000,0x0000000089b00000)
 Metaspace       used 8713K, capacity 8904K, committed 9088K, reserved 1056768K
  class space    used 1047K, capacity 1116K, committed 1152K, reserved 1048576K
Event: 2.097 GC heap after
Heap after GC invocations=1 (full 0):
 PSYoungGen      total 36864K, used 5099K [0x00000000d6d80000, 0x00000000d9680000, 0x0000000100000000)
  eden space 31744K, 0% used [0x00000000d6d80000,0x00000000d6d80000,0x00000000d8c80000)
  from space 5120K, 99% used [0x00000000d8c80000,0x00000000d917ad70,0x00000000d9180000)
  to   space 5120K, 0% used [0x00000000d9180000,0x00000000d9180000,0x00000000d9680000)
 ParOldGen       total 84992K, used 315K [0x0000000084800000, 0x0000000089b00000, 0x00000000d6d80000)
  object space 84992K, 0% used [0x0000000084800000,0x000000008484ec88,0x0000000089b00000)
 Metaspace       used 8713K, capacity 8904K, committed 9088K, reserved 1056768K
  class space    used 1047K, capacity 1116K, committed 1152K, reserved 1048576K
}
Event: 2.469 GC heap before
{Heap before GC invocations=2 (full 0):
 PSYoungGen      total 36864K, used 36843K [0x00000000d6d80000, 0x00000000d9680000, 0x0000000100000000)
  eden space 31744K, 100% used [0x00000000d6d80000,0x00000000d8c80000,0x00000000d8c80000)
  from space 5120K, 99% used [0x00000000d8c80000,0x00000000d917ad70,0x00000000d9180000)
  to   space 5120K, 0% used [0x00000000d9180000,0x00000000d9180000,0x00000000d9680000)
 ParOldGen       total 84992K, used 315K [0x0000000084800000, 0x0000000089b00000, 0x00000000d6d80000)
  object space 84992K, 0% used [0x0000000084800000,0x000000008484ec88,0x0000000089b00000)
 Metaspace       used 11742K, capacity 11988K, committed 12160K, reserved 1060864K
  class space    used 1434K, capacity 1545K, committed 1664K, reserved 1048576K
Event: 2.475 GC heap after
Heap after GC invocations=2 (full 0):
 PSYoungGen      total 36864K, used 5106K [0x00000000d6d80000, 0x00000000d9680000, 0x0000000100000000)
  eden space 31744K, 0% used [0x00000000d6d80000,0x00000000d6d80000,0x00000000d8c80000)
  from space 5120K, 99% used [0x00000000d9180000,0x00000000d967ca48,0x00000000d9680000)
  to   space 5120K, 0% used [0x00000000d8c80000,0x00000000d8c80000,0x00000000d9180000)
 ParOldGen       total 84992K, used 1746K [0x0000000084800000, 0x0000000089b00000, 0x00000000d6d80000)
  object space 84992K, 2% used [0x0000000084800000,0x00000000849b4aa8,0x0000000089b00000)
 Metaspace       used 11742K, capacity 11988K, committed 12160K, reserved 1060864K
  class space    used 1434K, capacity 1545K, committed 1664K, reserved 1048576K
}

Deoptimization events (10 events):
Event: 2.166 Thread 0x000000000298e000 Uncommon trap: reason=unstable_if action=reinterpret pc=0x0000000002d322c0 method=java.util.HashMap.getNode(ILjava/lang/Object;)Ljava/util/HashMap$Node; @ 129
Event: 2.166 Thread 0x000000000298e000 Uncommon trap: reason=unstable_if action=reinterpret pc=0x0000000002d2c740 method=java.util.HashMap.getNode(ILjava/lang/Object;)Ljava/util/HashMap$Node; @ 129
Event: 2.263 Thread 0x000000000298e000 Uncommon trap: reason=class_check action=maybe_recompile pc=0x0000000002dfc5b4 method=java.util.HashMap.putVal(ILjava/lang/Object;Ljava/lang/Object;ZZ)Ljava/lang/Object; @ 203
Event: 2.267 Thread 0x000000000298e000 Uncommon trap: reason=class_check action=maybe_recompile pc=0x0000000002dfc5b4 method=java.util.HashMap.putVal(ILjava/lang/Object;Ljava/lang/Object;ZZ)Ljava/lang/Object; @ 203
Event: 2.612 Thread 0x000000000298e000 Uncommon trap: reason=class_check action=maybe_recompile pc=0x0000000002dfc5b4 method=java.util.HashMap.putVal(ILjava/lang/Object;Ljava/lang/Object;ZZ)Ljava/lang/Object; @ 203
Event: 2.612 Thread 0x000000000298e000 Uncommon trap: reason=class_check action=maybe_recompile pc=0x0000000002dfc5b4 method=java.util.HashMap.putVal(ILjava/lang/Object;Ljava/lang/Object;ZZ)Ljava/lang/Object; @ 203
Event: 2.991 Thread 0x000000000298e000 Uncommon trap: reason=unstable_if action=reinterpret pc=0x0000000002d53750 method=sun.nio.cs.UTF_8$Decoder.decodeArrayLoop(Ljava/nio/ByteBuffer;Ljava/nio/CharBuffer;)Ljava/nio/charset/CoderResult; @ 84
Event: 2.995 Thread 0x000000000298e000 Uncommon trap: reason=unstable_if action=reinterpret pc=0x0000000002d1f554 method=java.lang.AbstractStringBuilder.append(Ljava/lang/String;)Ljava/lang/AbstractStringBuilder; @ 1
Event: 2.995 Thread 0x000000000298e000 Uncommon trap: reason=unstable_if action=reinterpret pc=0x0000000002c73570 method=java.lang.AbstractStringBuilder.append(Ljava/lang/String;)Ljava/lang/AbstractStringBuilder; @ 1
Event: 3.020 Thread 0x000000000298e000 Uncommon trap: reason=unstable_if action=reinterpret pc=0x0000000002c70e44 method=java.lang.String.replace(CC)Ljava/lang/String; @ 2

Internal exceptions (10 events):
Event: 2.687 Thread 0x000000000298e000 Exception <a 'java/lang/NoClassDefFoundError'> (0x00000000d7bb31b8) thrown at [C:\re\workspace\8-2-build-windows-amd64-cygwin\jdk8u131\8869\hotspot\src\share\vm\prims\jvm.cpp, line 1394]
Event: 2.687 Thread 0x000000000298e000 Exception <a 'java/lang/NoClassDefFoundError': javax/annotation/Priority> (0x00000000d7bb81e0) thrown at [C:\re\workspace\8-2-build-windows-amd64-cygwin\jdk8u131\8869\hotspot\src\share\vm\classfile\systemDictionary.cpp, line 199]
Event: 2.937 Thread 0x000000000298e000 Exception <a 'java/lang/NullPointerException'> (0x00000000d83439a0) thrown at [C:\re\workspace\8-2-build-windows-amd64-cygwin\jdk8u131\8869\hotspot\src\share\vm\interpreter\linkResolver.cpp, line 1197]
Event: 2.937 Thread 0x000000000298e000 Exception <a 'java/lang/NullPointerException'> (0x00000000d8343bb8) thrown at [C:\re\workspace\8-2-build-windows-amd64-cygwin\jdk8u131\8869\hotspot\src\share\vm\interpreter\linkResolver.cpp, line 1197]
Event: 2.937 Thread 0x000000000298e000 Exception <a 'java/lang/NullPointerException'> (0x00000000d8343dd0) thrown at [C:\re\workspace\8-2-build-windows-amd64-cygwin\jdk8u131\8869\hotspot\src\share\vm\interpreter\linkResolver.cpp, line 1197]
Event: 2.938 Thread 0x000000000298e000 Exception <a 'java/lang/NullPointerException'> (0x00000000d834c270) thrown at [C:\re\workspace\8-2-build-windows-amd64-cygwin\jdk8u131\8869\hotspot\src\share\vm\interpreter\linkResolver.cpp, line 1197]
Event: 2.938 Thread 0x000000000298e000 Exception <a 'java/lang/NullPointerException'> (0x00000000d834c488) thrown at [C:\re\workspace\8-2-build-windows-amd64-cygwin\jdk8u131\8869\hotspot\src\share\vm\interpreter\linkResolver.cpp, line 1197]
Event: 2.938 Thread 0x000000000298e000 Exception <a 'java/lang/NullPointerException'> (0x00000000d834c6a0) thrown at [C:\re\workspace\8-2-build-windows-amd64-cygwin\jdk8u131\8869\hotspot\src\share\vm\interpreter\linkResolver.cpp, line 1197]
Event: 2.995 Thread 0x000000000298e000 Implicit null exception at 0x0000000002d1f194 to 0x0000000002d1f53d
Event: 2.995 Thread 0x000000000298e000 Implicit null exception at 0x0000000002c73157 to 0x0000000002c73559

Events (10 events):
Event: 3.038 loading class org/apache/maven/model/interpolation/AbstractStringBasedModelInterpolator$1
Event: 3.038 loading class org/apache/maven/model/interpolation/AbstractStringBasedModelInterpolator$1 done
Event: 3.038 loading class org/apache/maven/model/interpolation/AbstractStringBasedModelInterpolator$2
Event: 3.038 loading class org/apache/maven/model/interpolation/AbstractStringBasedModelInterpolator$2 done
Event: 3.039 loading class org/apache/maven/model/interpolation/BuildTimestampValueSource
Event: 3.039 loading class org/apache/maven/model/interpolation/BuildTimestampValueSource done
Event: 3.039 loading class org/apache/maven/model/interpolation/MavenBuildTimestamp
Event: 3.039 loading class org/apache/maven/model/interpolation/MavenBuildTimestamp done
Event: 3.040 loading class org/codehaus/plexus/interpolation/MapBasedValueSource
Event: 3.040 loading class org/codehaus/plexus/interpolation/MapBasedValueSource done


Dynamic libraries:
0x00007ff7c3770000 - 0x00007ff7c37a7000 	F:\jdk1.8\bin\java.exe
0x00007ffbe4380000 - 0x00007ffbe4570000 	C:\WINDOWS\SYSTEM32\ntdll.dll
0x00007ffbe2f80000 - 0x00007ffbe3032000 	C:\WINDOWS\System32\KERNEL32.DLL
0x00007ffbe1390000 - 0x00007ffbe1634000 	C:\WINDOWS\System32\KERNELBASE.dll
0x00007ffbe4290000 - 0x00007ffbe4333000 	C:\WINDOWS\System32\ADVAPI32.dll
0x00007ffbe3fe0000 - 0x00007ffbe407e000 	C:\WINDOWS\System32\msvcrt.dll
0x00007ffbe2c40000 - 0x00007ffbe2cd7000 	C:\WINDOWS\System32\sechost.dll
0x00007ffbe2a00000 - 0x00007ffbe2b20000 	C:\WINDOWS\System32\RPCRT4.dll
0x00007ffbe40f0000 - 0x00007ffbe4284000 	C:\WINDOWS\System32\USER32.dll
0x00007ffbe1310000 - 0x00007ffbe1331000 	C:\WINDOWS\System32\win32u.dll
0x00007ffbe2c10000 - 0x00007ffbe2c36000 	C:\WINDOWS\System32\GDI32.dll
0x00007ffbe1640000 - 0x00007ffbe17d4000 	C:\WINDOWS\System32\gdi32full.dll
0x00007ffbe21b0000 - 0x00007ffbe224e000 	C:\WINDOWS\System32\msvcp_win.dll
0x00007ffbe2330000 - 0x00007ffbe242a000 	C:\WINDOWS\System32\ucrtbase.dll
0x00007ffbd1fd0000 - 0x00007ffbd2254000 	C:\WINDOWS\WinSxS\amd64_microsoft.windows.common-controls_6595b64144ccf1df_6.0.18362.836_none_e6c4b943130f18ed\COMCTL32.dll
0x00007ffbe2430000 - 0x00007ffbe2766000 	C:\WINDOWS\System32\combase.dll
0x00007ffbe2250000 - 0x00007ffbe22d0000 	C:\WINDOWS\System32\bcryptPrimitives.dll
0x00007ffbe3290000 - 0x00007ffbe32be000 	C:\WINDOWS\System32\IMM32.DLL
0x000000005c700000 - 0x000000005c7d2000 	F:\jdk1.8\jre\bin\msvcr100.dll
0x000000005be60000 - 0x000000005c6fc000 	F:\jdk1.8\jre\bin\server\jvm.dll
0x00007ffbe2ef0000 - 0x00007ffbe2ef8000 	C:\WINDOWS\System32\PSAPI.DLL
0x00007ffbdf010000 - 0x00007ffbdf034000 	C:\WINDOWS\SYSTEM32\WINMM.dll
0x00007ffbdc020000 - 0x00007ffbdc029000 	C:\WINDOWS\SYSTEM32\WSOCK32.dll
0x00007ffbe4080000 - 0x00007ffbe40ef000 	C:\WINDOWS\System32\WS2_32.dll
0x00007ffbda110000 - 0x00007ffbda11a000 	C:\WINDOWS\SYSTEM32\VERSION.dll
0x00007ffbdefe0000 - 0x00007ffbdf00d000 	C:\WINDOWS\SYSTEM32\winmmbase.dll
0x00007ffbe1340000 - 0x00007ffbe138a000 	C:\WINDOWS\System32\cfgmgr32.dll
0x000000005be50000 - 0x000000005be5f000 	F:\jdk1.8\jre\bin\verify.dll
0x000000005be20000 - 0x000000005be49000 	F:\jdk1.8\jre\bin\java.dll
0x000000005bdd0000 - 0x000000005bde6000 	F:\jdk1.8\jre\bin\zip.dll
0x00007ffbe32c0000 - 0x00007ffbe39a4000 	C:\WINDOWS\System32\SHELL32.dll
0x00007ffbe2770000 - 0x00007ffbe2819000 	C:\WINDOWS\System32\shcore.dll
0x00007ffbe17e0000 - 0x00007ffbe1f5e000 	C:\WINDOWS\System32\windows.storage.dll
0x00007ffbe1250000 - 0x00007ffbe1273000 	C:\WINDOWS\System32\profapi.dll
0x00007ffbe1280000 - 0x00007ffbe12ca000 	C:\WINDOWS\System32\powrprof.dll
0x00007ffbe1240000 - 0x00007ffbe1250000 	C:\WINDOWS\System32\UMPDC.dll
0x00007ffbe2820000 - 0x00007ffbe2872000 	C:\WINDOWS\System32\shlwapi.dll
0x00007ffbe12d0000 - 0x00007ffbe12e1000 	C:\WINDOWS\System32\kernel.appcore.dll
0x00007ffbe2190000 - 0x00007ffbe21a7000 	C:\WINDOWS\System32\cryptsp.dll
0x00007ffbe0590000 - 0x00007ffbe05c3000 	C:\WINDOWS\system32\rsaenh.dll
0x00007ffbe1f60000 - 0x00007ffbe1f86000 	C:\WINDOWS\System32\bcrypt.dll
0x00007ffbe1130000 - 0x00007ffbe1155000 	C:\WINDOWS\SYSTEM32\USERENV.dll
0x00007ffbe0bf0000 - 0x00007ffbe0bfc000 	C:\WINDOWS\SYSTEM32\CRYPTBASE.dll
0x000000005bdb0000 - 0x000000005bdca000 	F:\jdk1.8\jre\bin\net.dll
0x00007ffbe0a20000 - 0x00007ffbe0a87000 	C:\WINDOWS\system32\mswsock.dll
0x00007ffbe0730000 - 0x00007ffbe076a000 	C:\WINDOWS\SYSTEM32\IPHLPAPI.DLL
0x00007ffbe3220000 - 0x00007ffbe3228000 	C:\WINDOWS\System32\NSI.dll
0x00007ffbda160000 - 0x00007ffbda176000 	C:\WINDOWS\SYSTEM32\dhcpcsvc6.DLL
0x00007ffbda140000 - 0x00007ffbda15c000 	C:\WINDOWS\SYSTEM32\dhcpcsvc.DLL
0x00007ffbe0770000 - 0x00007ffbe083b000 	C:\WINDOWS\SYSTEM32\DNSAPI.dll
0x000000005bd80000 - 0x000000005bd91000 	F:\jdk1.8\jre\bin\nio.dll
0x00007ffbdbee0000 - 0x00007ffbdbeea000 	C:\Users\1737783319\AppData\Local\Temp\jansi-1.17.1-6989308506196473417.dll
0x00007ffbdbe70000 - 0x00007ffbdbe7a000 	C:\Users\1737783319\AppData\Local\Temp\jansi-1.17.1-6592952675282286862.dll

VM Arguments:
jvm_args: -Dmaven.multiModuleProjectDirectory=E:\360MoveData\Users\1737783319\Desktop\Lab\gowhere64\gowhere-airline-boeing -Dmaven.wagon.http.ssl.insecure=true -Dmaven.wagon.http.ssl.allowall=true -Dmaven.wagon.http.ssl.ignore.validity.dates=true -Dmaven.home=F:\idea\IntelliJ IDEA 2019.2.2\plugins\maven\lib\maven3 -Dclassworlds.conf=F:\idea\IntelliJ IDEA 2019.2.2\plugins\maven\lib\maven3\bin\m2.conf -Dmaven.ext.class.path=F:\idea\IntelliJ IDEA 2019.2.2\plugins\maven\lib\maven-event-listener.jar -Dfile.encoding=UTF-8 
java_command: org.codehaus.classworlds.Launcher -Didea.version2019.2.2 -s F:\idea\IntelliJ IDEA 2019.2.2\plugins\maven\lib\maven3\conf\settings.xml -Dmaven.repo.local=F:\mavenRespository install
java_class_path (initial): F:\idea\IntelliJ IDEA 2019.2.2\plugins\maven\lib\maven3\boot\plexus-classworlds-2.6.0.jar
Launcher Type: SUN_STANDARD

Environment Variables:
JAVA_HOME=F:\jdk1.8
PATH=F:\PYTHON3.7\Scripts\;F:\PYTHON3.7\;F:\mingGw\bin;C:\Program Files\Microsoft MPI\Bin\;F:\jdk1.8\bin;F:\maven\apache-maven-3.6.3\bin;C:\WINDOWS\system32;C:\WINDOWS;C:\WINDOWS\System32\Wbem;C:\WINDOWS\System32\WindowsPowerShell\v1.0\;C:\WINDOWS\System32\OpenSSH\;C:\Program Files\dotnet\;C:\Program Files\Microsoft SQL Server\130\Tools\Binn\;F:\CodeBlocks\MinGW\bin;F:\gIT\Git\cmd;F:\tor\bin;C:\Program Files (x86)\Microsoft SQL Server\140\Tools\Binn\;C:\Program Files\Microsoft SQL Server\140\Tools\Binn\;C:\Program Files (x86)\Microsoft SQL Server\140\DTS\Binn\;C:\Program Files\Microsoft SQL Server\140\DTS\Binn\;C:\Program Files\Microsoft SQL Server\Client SDK\ODBC\130\Tools\Binn\;F:\matlab\runtime\win64;F:\matlab\bin;C:\Program Files (x86)\Microsoft SQL Server\150\DTS\Binn\;F:\Cmake\bin;F:\nodejs\node_modules;F:\node\;C:\Users\1737783319\AppData\Roaming\npm;F:\scala2_13\scala\bin;F:\python2;G:\vagrant\bin;C:\Program Files\MySQL\MySQL Shell 8.0\bin\;F:\GUN\Microsoft VS Code\bin;F:\clion\CLion 2019.2.4\bin;;C:\Users\1737783319\AppData\Roaming\npm
USERNAME=1737783319
OS=Windows_NT
PROCESSOR_IDENTIFIER=Intel64 Family 6 Model 158 Stepping 9, GenuineIntel



---------------  S Y S T E M  ---------------

OS: Windows 10.0 , 64 bit Build 18362 (10.0.18362.778)

CPU:total 4 (initial active 4) (4 cores per cpu, 1 threads per core) family 6 model 158 stepping 9, cmov, cx8, fxsr, mmx, sse, sse2, sse3, ssse3, sse4.1, sse4.2, popcnt, avx, avx2, aes, clmul, erms, 3dnowpref, lzcnt, tsc, tscinvbit, bmi1, bmi2, adx

Memory: 4k page, physical 8088216k(1216684k free), swap 15689748k(5136k free)

vm_info: Java HotSpot(TM) 64-Bit Server VM (25.131-b11) for windows-amd64 JRE (1.8.0_131-b11), built on Mar 15 2017 01:23:53 by "java_re" with MS VC++ 10.0 (VS2010)

time: Wed Jun 10 16:46:42 2020
elapsed time: 3 seconds (0d 0h 0m 3s)

